# JRE version: OpenJDK Runtime Environment Temurin-17.0.5+8 (17.0.5+8) (build 17.0.5+8)
# Java VM: OpenJDK 64-Bit Server VM Temurin-17.0.5+8 (17.0.5+8, mixed mode, emulated-client, tiered, compressed oops, compressed class ptrs, g1 gc, windows-amd64)
GC Precious Log:
 CPUs: 2 total, 2 available
 Memory: 3692M
 Large Page Support: Disabled
 NUMA Support: Disabled
 Compressed Oops: Enabled (32-bit)
 Heap Region Size: 1M
 Heap Min Capacity: 8M
 Heap Initial Capacity: 58M
 Heap Max Capacity: 924M
 Pre-touch: Disabled
 Parallel Workers: 2
 Concurrent Workers: 1
 Concurrent Refinement Workers: 2
 Periodic GC: Disabled
Heap:
 garbage-first heap   total 126976K, used 36784K [0x00000000c6400000, 0x0000000100000000)
  region size 1024K, 1 young (1024K), 0 survivors (0K)
 Metaspace       used 57537K, committed 58048K, reserved 1105920K
  class space    used 7900K, committed 8064K, reserved 1048576K
GC Heap History (20 events):
Event: 98.014 GC heap before
{Heap before GC invocations=42 (full 0):
 garbage-first heap   total 446464K, used 376821K [0x00000000c6400000, 0x0000000100000000)
  region size 1024K, 197 young (201728K), 18 survivors (18432K)
 Metaspace       used 49769K, committed 50176K, reserved 1097728K
  class space    used 6441K, committed 6656K, reserved 1048576K
}
Event: 98.126 GC heap after
{Heap after GC invocations=43 (full 0):
 garbage-first heap   total 446464K, used 203798K [0x00000000c6400000, 0x0000000100000000)
  region size 1024K, 17 young (17408K), 17 survivors (17408K)
 Metaspace       used 49769K, committed 50176K, reserved 1097728K
  class space    used 6441K, committed 6656K, reserved 1048576K
}
Event: 101.368 GC heap before
{Heap before GC invocations=43 (full 0):
 garbage-first heap   total 446464K, used 376854K [0x00000000c6400000, 0x0000000100000000)
  region size 1024K, 187 young (191488K), 17 survivors (17408K)
 Metaspace       used 49769K, committed 50176K, reserved 1097728K
  class space    used 6441K, committed 6656K, reserved 1048576K
}
Event: 101.588 GC heap after
{Heap after GC invocations=44 (full 0):
 garbage-first heap   total 446464K, used 212597K [0x00000000c6400000, 0x0000000100000000)
  region size 1024K, 18 young (18432K), 18 survivors (18432K)
 Metaspace       used 49769K, committed 50176K, reserved 1097728K
  class space    used 6441K, committed 6656K, reserved 1048576K
}
Event: 104.870 GC heap before
{Heap before GC invocations=44 (full 0):
 garbage-first heap   total 446464K, used 379509K [0x00000000c6400000, 0x0000000100000000)
  region size 1024K, 180 young (184320K), 18 survivors (18432K)
 Metaspace       used 49769K, committed 50176K, reserved 1097728K
  class space    used 6441K, committed 6656K, reserved 1048576K
}
Event: 105.083 GC heap after
{Heap after GC invocations=45 (full 0):
 garbage-first heap   total 446464K, used 224373K [0x00000000c6400000, 0x0000000100000000)
  region size 1024K, 18 young (18432K), 18 survivors (18432K)
 Metaspace       used 49769K, committed 50176K, reserved 1097728K
  class space    used 6441K, committed 6656K, reserved 1048576K
}
Event: 107.611 GC heap before
{Heap before GC invocations=45 (full 0):
 garbage-first heap   total 446464K, used 378997K [0x00000000c6400000, 0x0000000100000000)
  region size 1024K, 169 young (173056K), 18 survivors (18432K)
 Metaspace       used 49769K, committed 50176K, reserved 1097728K
  class space    used 6441K, committed 6656K, reserved 1048576K
}
Event: 107.784 GC heap after
{Heap after GC invocations=46 (full 0):
 garbage-first heap   total 446464K, used 232053K [0x00000000c6400000, 0x0000000100000000)
  region size 1024K, 16 young (16384K), 16 survivors (16384K)
 Metaspace       used 49769K, committed 50176K, reserved 1097728K
  class space    used 6441K, committed 6656K, reserved 1048576K
}
Event: 109.950 GC heap before
{Heap before GC invocations=47 (full 0):
 garbage-first heap   total 542720K, used 371317K [0x00000000c6400000, 0x0000000100000000)
  region size 1024K, 154 young (157696K), 16 survivors (16384K)
 Metaspace       used 49769K, committed 50176K, reserved 1097728K
  class space    used 6441K, committed 6656K, reserved 1048576K
}
Event: 110.137 GC heap after
{Heap after GC invocations=48 (full 0):
 garbage-first heap   total 542720K, used 238709K [0x00000000c6400000, 0x0000000100000000)
  region size 1024K, 14 young (14336K), 14 survivors (14336K)
 Metaspace       used 49769K, committed 50176K, reserved 1097728K
  class space    used 6441K, committed 6656K, reserved 1048576K
}
Event: 110.490 GC heap before
{Heap before GC invocations=48 (full 0):
 garbage-first heap   total 542720K, used 249973K [0x00000000c6400000, 0x0000000100000000)
  region size 1024K, 26 young (26624K), 14 survivors (14336K)
 Metaspace       used 49769K, committed 50176K, reserved 1097728K
  class space    used 6441K, committed 6656K, reserved 1048576K
}
Event: 110.631 GC heap after
{Heap after GC invocations=49 (full 0):
 garbage-first heap   total 542720K, used 236661K [0x00000000c6400000, 0x0000000100000000)
  region size 1024K, 2 young (2048K), 2 survivors (2048K)
 Metaspace       used 49769K, committed 50176K, reserved 1097728K
  class space    used 6441K, committed 6656K, reserved 1048576K
}
Event: 122.309 GC heap before
{Heap before GC invocations=49 (full 0):
 garbage-first heap   total 542720K, used 408693K [0x00000000c6400000, 0x0000000100000000)
  region size 1024K, 170 young (174080K), 2 survivors (2048K)
 Metaspace       used 54643K, committed 55104K, reserved 1097728K
  class space    used 7473K, committed 7680K, reserved 1048576K
}
Event: 123.428 GC heap after
{Heap after GC invocations=50 (full 1):
 garbage-first heap   total 378880K, used 113056K [0x00000000c6400000, 0x0000000100000000)
  region size 1024K, 0 young (0K), 0 survivors (0K)
 Metaspace       used 54643K, committed 55104K, reserved 1097728K
  class space    used 7473K, committed 7680K, reserved 1048576K
}
Event: 132.193 GC heap before
{Heap before GC invocations=50 (full 1):
 garbage-first heap   total 378880K, used 315808K [0x00000000c6400000, 0x0000000100000000)
  region size 1024K, 198 young (202752K), 0 survivors (0K)
 Metaspace       used 57504K, committed 57920K, reserved 1105920K
  class space    used 7893K, committed 8064K, reserved 1048576K
}
Event: 132.226 GC heap after
{Heap after GC invocations=51 (full 1):
 garbage-first heap   total 378880K, used 116541K [0x00000000c6400000, 0x0000000100000000)
  region size 1024K, 4 young (4096K), 4 survivors (4096K)
 Metaspace       used 57504K, committed 57920K, reserved 1105920K
  class space    used 7893K, committed 8064K, reserved 1048576K
}
Event: 166.382 GC heap before
{Heap before GC invocations=51 (full 1):
 garbage-first heap   total 378880K, used 119613K [0x00000000c6400000, 0x0000000100000000)
  region size 1024K, 8 young (8192K), 4 survivors (4096K)
 Metaspace       used 57621K, committed 58048K, reserved 1105920K
  class space    used 7920K, committed 8064K, reserved 1048576K
}
Event: 167.053 GC heap after
{Heap after GC invocations=52 (full 2):
 garbage-first heap   total 137216K, used 39546K [0x00000000c6400000, 0x0000000100000000)
  region size 1024K, 0 young (0K), 0 survivors (0K)
 Metaspace       used 57621K, committed 58048K, reserved 1105920K
  class space    used 7920K, committed 8064K, reserved 1048576K
}
Event: 182.934 GC heap before
{Heap before GC invocations=52 (full 2):
 garbage-first heap   total 137216K, used 39546K [0x00000000c6400000, 0x0000000100000000)
  region size 1024K, 1 young (1024K), 0 survivors (0K)
 Metaspace       used 57621K, committed 58048K, reserved 1105920K
  class space    used 7920K, committed 8064K, reserved 1048576K
}
Event: 183.432 GC heap after
{Heap after GC invocations=53 (full 3):
 garbage-first heap   total 126976K, used 36784K [0x00000000c6400000, 0x0000000100000000)
  region size 1024K, 0 young (0K), 0 survivors (0K)
 Metaspace       used 57537K, committed 58048K, reserved 1105920K
  class space    used 7900K, committed 8064K, reserved 1048576K
}

