# JRE version: OpenJDK Runtime Environment Temurin-17.0.5+8 (17.0.5+8) (build 17.0.5+8)
# Java VM: OpenJDK 64-Bit Server VM Temurin-17.0.5+8 (17.0.5+8, mixed mode, emulated-client, tiered, compressed oops, compressed class ptrs, g1 gc, windows-amd64)
GC Precious Log:
 CPUs: 2 total, 2 available
 Memory: 3692M
 Large Page Support: Disabled
 NUMA Support: Disabled
 Compressed Oops: Enabled (32-bit)
 Heap Region Size: 1M
 Heap Min Capacity: 8M
 Heap Initial Capacity: 58M
 Heap Max Capacity: 924M
 Pre-touch: Disabled
 Parallel Workers: 2
 Concurrent Workers: 1
 Concurrent Refinement Workers: 2
 Periodic GC: Disabled
Heap:
 garbage-first heap   total 59392K, used 28251K [0x00000000c6400000, 0x0000000100000000)
  region size 1024K, 22 young (22528K), 2 survivors (2048K)
 Metaspace       used 17013K, committed 17216K, reserved 1064960K
  class space    used 2087K, committed 2176K, reserved 1048576K
GC Heap History (8 events):
Event: 3.954 GC heap before
{Heap before GC invocations=0 (full 0):
 garbage-first heap   total 59392K, used 5120K [0x00000000c6400000, 0x0000000100000000)
  region size 1024K, 6 young (6144K), 0 survivors (0K)
 Metaspace       used 4187K, committed 4352K, reserved 1056768K
  class space    used 401K, committed 512K, reserved 1048576K
}
Event: 3.999 GC heap after
{Heap after GC invocations=1 (full 0):
 garbage-first heap   total 59392K, used 4133K [0x00000000c6400000, 0x0000000100000000)
  region size 1024K, 1 young (1024K), 1 survivors (1024K)
 Metaspace       used 4187K, committed 4352K, reserved 1056768K
  class space    used 401K, committed 512K, reserved 1048576K
}
Event: 4.209 GC heap before
{Heap before GC invocations=1 (full 0):
 garbage-first heap   total 59392K, used 6181K [0x00000000c6400000, 0x0000000100000000)
  region size 1024K, 4 young (4096K), 1 survivors (1024K)
 Metaspace       used 4199K, committed 4416K, reserved 1056768K
  class space    used 402K, committed 512K, reserved 1048576K
}
Event: 4.228 GC heap after
{Heap after GC invocations=2 (full 0):
 garbage-first heap   total 59392K, used 5462K [0x00000000c6400000, 0x0000000100000000)
  region size 1024K, 1 young (1024K), 1 survivors (1024K)
 Metaspace       used 4199K, committed 4416K, reserved 1056768K
  class space    used 402K, committed 512K, reserved 1048576K
}
Event: 6.938 GC heap before
{Heap before GC invocations=2 (full 0):
 garbage-first heap   total 59392K, used 10582K [0x00000000c6400000, 0x0000000100000000)
  region size 1024K, 7 young (7168K), 1 survivors (1024K)
 Metaspace       used 7071K, committed 7232K, reserved 1056768K
  class space    used 740K, committed 832K, reserved 1048576K
}
Event: 6.959 GC heap after
{Heap after GC invocations=3 (full 0):
 garbage-first heap   total 59392K, used 7168K [0x00000000c6400000, 0x0000000100000000)
  region size 1024K, 1 young (1024K), 1 survivors (1024K)
 Metaspace       used 7071K, committed 7232K, reserved 1056768K
  class space    used 740K, committed 832K, reserved 1048576K
}
Event: 10.207 GC heap before
{Heap before GC invocations=3 (full 0):
 garbage-first heap   total 59392K, used 20480K [0x00000000c6400000, 0x0000000100000000)
  region size 1024K, 14 young (14336K), 1 survivors (1024K)
 Metaspace       used 11325K, committed 11456K, reserved 1064960K
  class space    used 1312K, committed 1344K, reserved 1048576K
}
Event: 10.227 GC heap after
{Heap after GC invocations=4 (full 0):
 garbage-first heap   total 59392K, used 8795K [0x00000000c6400000, 0x0000000100000000)
  region size 1024K, 2 young (2048K), 2 survivors (2048K)
 Metaspace       used 11325K, committed 11456K, reserved 1064960K
  class space    used 1312K, committed 1344K, reserved 1048576K
}

